{"name":"hexo","hostname":"zwn","pid":7320,"level":20,"msg":"Hexo version: 3.4.0","time":"2018-01-31T12:05:29.597Z","v":0}
{"name":"hexo","hostname":"zwn","pid":7320,"level":20,"msg":"Working directory: D:\\hexo\\","time":"2018-01-31T12:05:29.599Z","v":0}
{"name":"hexo","hostname":"zwn","pid":7320,"level":20,"msg":"Config loaded: D:\\hexo\\_config.yml","time":"2018-01-31T12:05:29.773Z","v":0}
{"name":"hexo","hostname":"zwn","pid":7320,"level":20,"msg":"Plugin loaded: hexo-deployer-git","time":"2018-01-31T12:05:29.802Z","v":0}
{"name":"hexo","hostname":"zwn","pid":7320,"level":20,"msg":"Plugin loaded: hexo-generator-archive","time":"2018-01-31T12:05:29.807Z","v":0}
{"name":"hexo","hostname":"zwn","pid":7320,"level":20,"msg":"Plugin loaded: hexo-generator-category","time":"2018-01-31T12:05:29.814Z","v":0}
{"name":"hexo","hostname":"zwn","pid":7320,"level":20,"msg":"Plugin loaded: hexo-generator-index","time":"2018-01-31T12:05:29.817Z","v":0}
{"name":"hexo","hostname":"zwn","pid":7320,"level":20,"msg":"Plugin loaded: hexo-generator-tag","time":"2018-01-31T12:05:29.820Z","v":0}
{"name":"hexo","hostname":"zwn","pid":7320,"level":20,"msg":"Plugin loaded: hexo-renderer-ejs","time":"2018-01-31T12:05:29.826Z","v":0}
{"name":"hexo","hostname":"zwn","pid":7320,"level":20,"msg":"Plugin loaded: hexo-renderer-marked","time":"2018-01-31T12:05:29.835Z","v":0}
{"name":"hexo","hostname":"zwn","pid":7320,"level":20,"msg":"Plugin loaded: hexo-renderer-stylus","time":"2018-01-31T12:05:29.836Z","v":0}
{"name":"hexo","hostname":"zwn","pid":7320,"level":20,"msg":"Plugin loaded: hexo-server","time":"2018-01-31T12:05:29.960Z","v":0}
{"name":"hexo","hostname":"zwn","pid":7320,"level":20,"msg":"Loading database.","time":"2018-01-31T12:05:29.967Z","v":0}
{"name":"hexo","hostname":"zwn","pid":7320,"level":30,"msg":"Start processing","time":"2018-01-31T12:05:29.973Z","v":0}
{"name":"hexo","hostname":"zwn","pid":7320,"level":20,"msg":"Processed: source/main.0cf68a.css","time":"2018-01-31T12:05:30.038Z","v":0}
{"name":"hexo","hostname":"zwn","pid":7320,"level":20,"msg":"Processed: source/slider.e37972.js","time":"2018-01-31T12:05:30.039Z","v":0}
{"name":"hexo","hostname":"zwn","pid":7320,"level":20,"msg":"Theme config loaded.","time":"2018-01-31T12:05:30.073Z","v":0}
{"name":"hexo","hostname":"zwn","pid":7320,"level":20,"msg":"Processed: _config.yml","time":"2018-01-31T12:05:30.074Z","v":0}
{"name":"hexo","hostname":"zwn","pid":7320,"level":20,"msg":"Processed: source/main.0cf68a.js","time":"2018-01-31T12:05:30.075Z","v":0}
{"name":"hexo","hostname":"zwn","pid":7320,"level":20,"msg":"Processed: source/mobile.992cbe.js","time":"2018-01-31T12:05:30.075Z","v":0}
{"name":"hexo","hostname":"zwn","pid":7320,"level":20,"msg":"Processed: source/fonts/default-skin.b257fa.svg","time":"2018-01-31T12:05:30.088Z","v":0}
{"name":"hexo","hostname":"zwn","pid":7320,"level":20,"msg":"Processed: source/fonts/iconfont.16acc2.ttf","time":"2018-01-31T12:05:30.088Z","v":0}
{"name":"hexo","hostname":"zwn","pid":7320,"level":20,"msg":"Processed: source/fonts/iconfont.45d7ee.svg","time":"2018-01-31T12:05:30.088Z","v":0}
{"name":"hexo","hostname":"zwn","pid":7320,"level":20,"msg":"Processed: source/fonts/iconfont.8c627f.woff","time":"2018-01-31T12:05:30.089Z","v":0}
{"name":"hexo","hostname":"zwn","pid":7320,"level":20,"msg":"Processed: source/fonts/iconfont.b322fa.eot","time":"2018-01-31T12:05:30.089Z","v":0}
{"name":"hexo","hostname":"zwn","pid":7320,"level":20,"msg":"Processed: source/fonts/tooltip.4004ff.svg","time":"2018-01-31T12:05:30.090Z","v":0}
{"name":"hexo","hostname":"zwn","pid":7320,"level":20,"msg":"Processed: source/img/default-skin.png","time":"2018-01-31T12:05:30.091Z","v":0}
{"name":"hexo","hostname":"zwn","pid":7320,"level":20,"msg":"Processed: source/img/preloader.gif","time":"2018-01-31T12:05:30.091Z","v":0}
{"name":"hexo","hostname":"zwn","pid":7320,"level":20,"msg":"Processed: source/img/scrollbar_arrow.png","time":"2018-01-31T12:05:30.091Z","v":0}
{"name":"hexo","hostname":"zwn","pid":7320,"level":20,"msg":"Processed: layout/archive.ejs","time":"2018-01-31T12:05:30.109Z","v":0}
{"name":"hexo","hostname":"zwn","pid":7320,"level":20,"msg":"Processed: layout/category.ejs","time":"2018-01-31T12:05:30.109Z","v":0}
{"name":"hexo","hostname":"zwn","pid":7320,"level":20,"msg":"Processed: layout/index.ejs","time":"2018-01-31T12:05:30.109Z","v":0}
{"name":"hexo","hostname":"zwn","pid":7320,"level":20,"msg":"Processed: layout/layout.ejs","time":"2018-01-31T12:05:30.109Z","v":0}
{"name":"hexo","hostname":"zwn","pid":7320,"level":20,"msg":"Processed: layout/page.ejs","time":"2018-01-31T12:05:30.109Z","v":0}
{"name":"hexo","hostname":"zwn","pid":7320,"level":20,"msg":"Processed: _posts/story.md","time":"2018-01-31T12:05:30.117Z","v":0}
{"name":"hexo","hostname":"zwn","pid":7320,"level":20,"msg":"Processed: languages/default.yml","time":"2018-01-31T12:05:30.117Z","v":0}
{"name":"hexo","hostname":"zwn","pid":7320,"level":20,"msg":"Processed: languages/fr.yml","time":"2018-01-31T12:05:30.117Z","v":0}
{"name":"hexo","hostname":"zwn","pid":7320,"level":20,"msg":"Processed: languages/no.yml","time":"2018-01-31T12:05:30.117Z","v":0}
{"name":"hexo","hostname":"zwn","pid":7320,"level":20,"msg":"Processed: languages/nl.yml","time":"2018-01-31T12:05:30.117Z","v":0}
{"name":"hexo","hostname":"zwn","pid":7320,"level":20,"msg":"Processed: languages/ru.yml","time":"2018-01-31T12:05:30.117Z","v":0}
{"name":"hexo","hostname":"zwn","pid":7320,"level":20,"msg":"Processed: languages/zh-CN.yml","time":"2018-01-31T12:05:30.117Z","v":0}
{"name":"hexo","hostname":"zwn","pid":7320,"level":20,"msg":"Processed: languages/zh-tw.yml","time":"2018-01-31T12:05:30.117Z","v":0}
{"name":"hexo","hostname":"zwn","pid":7320,"level":20,"msg":"Processed: layout/post.ejs","time":"2018-01-31T12:05:30.152Z","v":0}
{"name":"hexo","hostname":"zwn","pid":7320,"level":20,"msg":"Processed: layout/tag.ejs","time":"2018-01-31T12:05:30.152Z","v":0}
{"name":"hexo","hostname":"zwn","pid":7320,"level":20,"msg":"Processed: layout/_partial/toc.ejs","time":"2018-01-31T12:05:30.167Z","v":0}
{"name":"hexo","hostname":"zwn","pid":7320,"level":20,"msg":"Processed: layout/_partial/after-footer.ejs","time":"2018-01-31T12:05:30.167Z","v":0}
{"name":"hexo","hostname":"zwn","pid":7320,"level":20,"msg":"Processed: layout/_partial/archive-post.ejs","time":"2018-01-31T12:05:30.167Z","v":0}
{"name":"hexo","hostname":"zwn","pid":7320,"level":20,"msg":"Processed: layout/_partial/archive.ejs","time":"2018-01-31T12:05:30.167Z","v":0}
{"name":"hexo","hostname":"zwn","pid":7320,"level":20,"msg":"Processed: layout/_partial/article.ejs","time":"2018-01-31T12:05:30.167Z","v":0}
{"name":"hexo","hostname":"zwn","pid":7320,"level":20,"msg":"Processed: layout/_partial/aside.ejs","time":"2018-01-31T12:05:30.167Z","v":0}
{"name":"hexo","hostname":"zwn","pid":7320,"level":20,"msg":"Processed: layout/_partial/baidu-analytics.ejs","time":"2018-01-31T12:05:30.167Z","v":0}
{"name":"hexo","hostname":"zwn","pid":7320,"level":20,"msg":"Processed: layout/_partial/css.ejs","time":"2018-01-31T12:05:30.167Z","v":0}
{"name":"hexo","hostname":"zwn","pid":7320,"level":20,"msg":"Processed: layout/_partial/footer.ejs","time":"2018-01-31T12:05:30.167Z","v":0}
{"name":"hexo","hostname":"zwn","pid":7320,"level":20,"msg":"Processed: layout/_partial/google-analytics.ejs","time":"2018-01-31T12:05:30.167Z","v":0}
{"name":"hexo","hostname":"zwn","pid":7320,"level":20,"msg":"Processed: layout/_partial/head.ejs","time":"2018-01-31T12:05:30.167Z","v":0}
{"name":"hexo","hostname":"zwn","pid":7320,"level":20,"msg":"Processed: layout/_partial/header.ejs","time":"2018-01-31T12:05:30.168Z","v":0}
{"name":"hexo","hostname":"zwn","pid":7320,"level":20,"msg":"Processed: layout/_partial/left-col.ejs","time":"2018-01-31T12:05:30.168Z","v":0}
{"name":"hexo","hostname":"zwn","pid":7320,"level":20,"msg":"Processed: layout/_partial/mathjax.ejs","time":"2018-01-31T12:05:30.168Z","v":0}
{"name":"hexo","hostname":"zwn","pid":7320,"level":20,"msg":"Processed: layout/_partial/mobile-nav.ejs","time":"2018-01-31T12:05:30.168Z","v":0}
{"name":"hexo","hostname":"zwn","pid":7320,"level":20,"msg":"Processed: layout/_partial/viewer.ejs","time":"2018-01-31T12:05:30.168Z","v":0}
{"name":"hexo","hostname":"zwn","pid":7320,"level":20,"msg":"Processed: layout/_partial/tools.ejs","time":"2018-01-31T12:05:30.168Z","v":0}
{"name":"hexo","hostname":"zwn","pid":7320,"level":20,"msg":"Processed: layout/_partial/script.ejs","time":"2018-01-31T12:05:30.174Z","v":0}
{"name":"hexo","hostname":"zwn","pid":7320,"level":20,"msg":"Processed: layout/_partial/post/category.ejs","time":"2018-01-31T12:05:30.177Z","v":0}
{"name":"hexo","hostname":"zwn","pid":7320,"level":20,"msg":"Processed: layout/_partial/post/changyan.ejs","time":"2018-01-31T12:05:30.177Z","v":0}
{"name":"hexo","hostname":"zwn","pid":7320,"level":20,"msg":"Processed: layout/_partial/post/date.ejs","time":"2018-01-31T12:05:30.177Z","v":0}
{"name":"hexo","hostname":"zwn","pid":7320,"level":20,"msg":"Processed: layout/_partial/post/duoshuo.ejs","time":"2018-01-31T12:05:30.177Z","v":0}
{"name":"hexo","hostname":"zwn","pid":7320,"level":20,"msg":"Processed: layout/_partial/post/gitment.ejs","time":"2018-01-31T12:05:30.177Z","v":0}
{"name":"hexo","hostname":"zwn","pid":7320,"level":20,"msg":"Processed: layout/_partial/post/nav.ejs","time":"2018-01-31T12:05:30.177Z","v":0}
{"name":"hexo","hostname":"zwn","pid":7320,"level":20,"msg":"Processed: layout/_partial/post/share.ejs","time":"2018-01-31T12:05:30.177Z","v":0}
{"name":"hexo","hostname":"zwn","pid":7320,"level":20,"msg":"Processed: layout/_partial/post/tag.ejs","time":"2018-01-31T12:05:30.177Z","v":0}
{"name":"hexo","hostname":"zwn","pid":7320,"level":20,"msg":"Processed: layout/_partial/post/title.ejs","time":"2018-01-31T12:05:30.178Z","v":0}
{"name":"hexo","hostname":"zwn","pid":7320,"level":20,"msg":"Processed: layout/_partial/post/wangyiyun.ejs","time":"2018-01-31T12:05:30.178Z","v":0}
{"name":"hexo","hostname":"zwn","pid":7320,"level":20,"msg":"Generator: page","time":"2018-01-31T12:05:30.415Z","v":0}
{"name":"hexo","hostname":"zwn","pid":7320,"level":20,"msg":"Generator: post","time":"2018-01-31T12:05:30.415Z","v":0}
{"name":"hexo","hostname":"zwn","pid":7320,"level":20,"msg":"Generator: archive","time":"2018-01-31T12:05:30.416Z","v":0}
{"name":"hexo","hostname":"zwn","pid":7320,"level":20,"msg":"Generator: category","time":"2018-01-31T12:05:30.416Z","v":0}
{"name":"hexo","hostname":"zwn","pid":7320,"level":20,"msg":"Generator: index","time":"2018-01-31T12:05:30.416Z","v":0}
{"name":"hexo","hostname":"zwn","pid":7320,"level":20,"msg":"Generator: tag","time":"2018-01-31T12:05:30.416Z","v":0}
{"name":"hexo","hostname":"zwn","pid":7320,"level":20,"msg":"Generator: asset","time":"2018-01-31T12:05:30.416Z","v":0}
{"name":"hexo","hostname":"zwn","pid":7320,"level":30,"msg":"Hexo is running at http://localhost:4000/. Press Ctrl+C to stop.","time":"2018-01-31T12:05:30.421Z","v":0}
{"name":"hexo","hostname":"zwn","pid":7320,"level":20,"msg":"Database saved","time":"2018-01-31T12:05:30.425Z","v":0}
{"name":"hexo","hostname":"zwn","pid":7320,"level":20,"msg":"Rendering index: index.html","time":"2018-01-31T12:05:46.483Z","v":0}
{"name":"hexo","hostname":"zwn","pid":7320,"level":30,"msg":"Farewell","time":"2018-01-31T12:06:41.794Z","v":0}
{"name":"hexo","hostname":"zwn","pid":7320,"level":20,"msg":"Database saved","time":"2018-01-31T12:06:41.802Z","v":0}
